<?xml version="1.0" encoding="UTF-8"?>
<testng-results ignored="0" total="1" passed="1" failed="0" skipped="0">
  <reporter-output>
  </reporter-output>
  <suite started-at="2023-01-26T19:43:35 IST" name="Default suite" finished-at="2023-01-26T19:43:36 IST" duration-ms="157">
    <groups>
    </groups>
    <test started-at="2023-01-26T19:43:35 IST" name="Default test" finished-at="2023-01-26T19:43:36 IST" duration-ms="157">
      <class name="practice.HardAssert">
        <test-method signature="demo()[pri:0, instance:practice.HardAssert@a38c7fe]" started-at="2023-01-26T19:43:36 IST" name="demo" finished-at="2023-01-26T19:43:36 IST" duration-ms="26" status="PASS">
          <reporter-output>
          </reporter-output>
        </test-method> <!-- demo -->
      </class> <!-- practice.HardAssert -->
    </test> <!-- Default test -->
  </suite> <!-- Default suite -->
</testng-results>
